<?xml version="1.0" encoding="UTF-8"?>
<!-- Generated by org.testng.reporters.JUnitXMLReporter -->
<testsuite ignored="0" hostname="MilanThakkar" failures="0" tests="3" name="Default test" time="43.122" errors="0" timestamp="2022-04-02T15:02:32 EDT">
  <testcase classname="amazonTest.signInPageTest" name="verifyBlankEmailTest" time="0.357"/>
  <testcase classname="amazonTest.signInPageTest" name="verifyWrongEmailTest" time="2.764"/>
  <testcase classname="amazonTest.signInPageTest" name="verifyCorrectEmailTest" time="3.08"/>
</testsuite> <!-- Default test -->
