<?xml version="1.0" encoding="UTF-8"?>
<!-- Generated by org.testng.reporters.JUnitXMLReporter -->
<testsuite ignored="0" hostname="MilanThakkar" failures="0" tests="10" name="Test" time="75.931" errors="0" timestamp="2022-03-28T19:27:00 EDT">
  <testcase classname="amazonTest.HomePageTest" name="pageTitleTest" time="0.017"/>
  <testcase classname="amazonTest.HomePageTest" name="verifySearchSize" time="0.232"/>
  <testcase classname="amazonTest.HomePageTest" name="logoTest" time="0.124"/>
  <testcase classname="amazonTest.HomePageTest" name="signupTest" time="0.65"/>
  <testcase classname="amazonTest.signInPageTest" name="verifyBlankEmailTest" time="0.37"/>
  <testcase classname="amazonTest.signInPageTest" name="verifyWrongEmailTest" time="0.441"/>
  <testcase classname="amazonTest.signInPageTest" name="verifyCorrectEmailTest" time="2.915"/>
  <testcase classname="amazonTest.ProfileHomePageTest" name="verifyProfileNameTest" time="0.204"/>
  <testcase classname="amazonTest.ProfileHomePageTest" name="VerifyLinkTest" time="0.053"/>
  <testcase classname="amazonTest.ProfileHomePageTest" name="verifySignoutTest" time="4.146"/>
</testsuite> <!-- Test -->
