<?xml version="1.0" encoding="UTF-8"?>
<testng-results ignored="0" total="3" passed="3" failed="0" skipped="0">
  <reporter-output>
  </reporter-output>
  <suite started-at="2022-04-02T15:01:49 EDT" name="Default suite" finished-at="2022-04-02T15:02:32 EDT" duration-ms="43122">
    <groups>
    </groups>
    <test started-at="2022-04-02T15:01:49 EDT" name="Default test" finished-at="2022-04-02T15:02:32 EDT" duration-ms="43122">
      <class name="amazonTest.signInPageTest">
        <test-method is-config="true" signature="setup()[pri:0, instance:amazonTest.signInPageTest@4f67eb2a]" started-at="2022-04-02T15:01:49 EDT" name="setup" finished-at="2022-04-02T15:02:00 EDT" duration-ms="11331" status="PASS">
          <reporter-output>
          </reporter-output>
        </test-method> <!-- setup -->
        <test-method signature="verifyBlankEmailTest()[pri:1, instance:amazonTest.signInPageTest@4f67eb2a]" started-at="2022-04-02T15:02:00 EDT" name="verifyBlankEmailTest" finished-at="2022-04-02T15:02:01 EDT" duration-ms="357" status="PASS">
          <reporter-output>
          </reporter-output>
        </test-method> <!-- verifyBlankEmailTest -->
        <test-method is-config="true" signature="tearUp()[pri:0, instance:amazonTest.signInPageTest@4f67eb2a]" started-at="2022-04-02T15:02:01 EDT" name="tearUp" finished-at="2022-04-02T15:02:02 EDT" duration-ms="958" status="PASS">
          <reporter-output>
          </reporter-output>
        </test-method> <!-- tearUp -->
        <test-method is-config="true" signature="setup()[pri:0, instance:amazonTest.signInPageTest@4f67eb2a]" started-at="2022-04-02T15:02:02 EDT" name="setup" finished-at="2022-04-02T15:02:14 EDT" duration-ms="12503" status="PASS">
          <reporter-output>
          </reporter-output>
        </test-method> <!-- setup -->
        <test-method signature="verifyWrongEmailTest()[pri:2, instance:amazonTest.signInPageTest@4f67eb2a]" started-at="2022-04-02T15:02:14 EDT" name="verifyWrongEmailTest" finished-at="2022-04-02T15:02:17 EDT" duration-ms="2764" status="PASS">
          <reporter-output>
          </reporter-output>
        </test-method> <!-- verifyWrongEmailTest -->
        <test-method is-config="true" signature="tearUp()[pri:0, instance:amazonTest.signInPageTest@4f67eb2a]" started-at="2022-04-02T15:02:17 EDT" name="tearUp" finished-at="2022-04-02T15:02:18 EDT" duration-ms="1113" status="PASS">
          <reporter-output>
          </reporter-output>
        </test-method> <!-- tearUp -->
        <test-method is-config="true" signature="setup()[pri:0, instance:amazonTest.signInPageTest@4f67eb2a]" started-at="2022-04-02T15:02:18 EDT" name="setup" finished-at="2022-04-02T15:02:28 EDT" duration-ms="9776" status="PASS">
          <reporter-output>
          </reporter-output>
        </test-method> <!-- setup -->
        <test-method signature="verifyCorrectEmailTest()[pri:3, instance:amazonTest.signInPageTest@4f67eb2a]" started-at="2022-04-02T15:02:28 EDT" name="verifyCorrectEmailTest" finished-at="2022-04-02T15:02:31 EDT" duration-ms="3080" status="PASS">
          <reporter-output>
          </reporter-output>
        </test-method> <!-- verifyCorrectEmailTest -->
        <test-method is-config="true" signature="tearUp()[pri:0, instance:amazonTest.signInPageTest@4f67eb2a]" started-at="2022-04-02T15:02:31 EDT" name="tearUp" finished-at="2022-04-02T15:02:32 EDT" duration-ms="1200" status="PASS">
          <reporter-output>
          </reporter-output>
        </test-method> <!-- tearUp -->
      </class> <!-- amazonTest.signInPageTest -->
    </test> <!-- Default test -->
  </suite> <!-- Default suite -->
</testng-results>
